2019-05-10 20:24:13.591 [restartedMain] INFO  xyh.LixueApplication - Starting LixueApplication on DESKTOP-P1GCRLJ with PID 12012 (D:\lixue\target\classes started by XiangYida in D:\lixue)
2019-05-10 20:24:13.596 [restartedMain] INFO  xyh.LixueApplication - No active profile set, falling back to default profiles: default
2019-05-10 20:24:13.745 [restartedMain] INFO  o.s.b.d.env.DevToolsPropertyDefaultsPostProcessor - Devtools property defaults active! Set 'spring.devtools.add-properties' to 'false' to disable
2019-05-10 20:24:13.746 [restartedMain] INFO  o.s.b.d.env.DevToolsPropertyDefaultsPostProcessor - For additional web related logging consider setting the 'logging.level.web' property to 'DEBUG'
2019-05-10 20:24:15.652 [restartedMain] INFO  o.s.d.r.config.RepositoryConfigurationDelegate - Multiple Spring Data modules found, entering strict repository configuration mode!
2019-05-10 20:24:15.654 [restartedMain] INFO  o.s.d.r.config.RepositoryConfigurationDelegate - Bootstrapping Spring Data repositories in DEFAULT mode.
2019-05-10 20:24:15.763 [restartedMain] INFO  o.s.d.r.config.RepositoryConfigurationDelegate - Finished Spring Data repository scanning in 106ms. Found 1 repository interfaces.
2019-05-10 20:24:15.798 [restartedMain] INFO  o.s.d.r.config.RepositoryConfigurationDelegate - Multiple Spring Data modules found, entering strict repository configuration mode!
2019-05-10 20:24:15.799 [restartedMain] INFO  o.s.d.r.config.RepositoryConfigurationDelegate - Bootstrapping Spring Data repositories in DEFAULT mode.
2019-05-10 20:24:15.823 [restartedMain] INFO  o.s.d.r.c.RepositoryConfigurationExtensionSupport - Spring Data MongoDB - Could not safely identify store assignment for repository candidate interface xyh.lixue.searchProblem.service.ProblemRepository.
2019-05-10 20:24:15.824 [restartedMain] INFO  o.s.d.r.config.RepositoryConfigurationDelegate - Finished Spring Data repository scanning in 24ms. Found 0 repository interfaces.
2019-05-10 20:24:15.851 [restartedMain] INFO  o.s.d.r.config.RepositoryConfigurationDelegate - Multiple Spring Data modules found, entering strict repository configuration mode!
2019-05-10 20:24:15.853 [restartedMain] INFO  o.s.d.r.config.RepositoryConfigurationDelegate - Bootstrapping Spring Data repositories in DEFAULT mode.
2019-05-10 20:24:15.886 [restartedMain] INFO  o.s.d.r.c.RepositoryConfigurationExtensionSupport - Spring Data Redis - Could not safely identify store assignment for repository candidate interface xyh.lixue.searchProblem.service.ProblemRepository.
2019-05-10 20:24:15.886 [restartedMain] INFO  o.s.d.r.config.RepositoryConfigurationDelegate - Finished Spring Data repository scanning in 17ms. Found 0 repository interfaces.
2019-05-10 20:24:16.621 [restartedMain] INFO  o.s.c.s.PostProcessorRegistrationDelegate$BeanPostProcessorChecker - Bean 'org.springframework.transaction.annotation.ProxyTransactionManagementConfiguration' of type [org.springframework.transaction.annotation.ProxyTransactionManagementConfiguration$$EnhancerBySpringCGLIB$$d32261cd] is not eligible for getting processed by all BeanPostProcessors (for example: not eligible for auto-proxying)
2019-05-10 20:24:17.439 [restartedMain] INFO  o.s.boot.web.embedded.tomcat.TomcatWebServer - Tomcat initialized with port(s): 8080 (http)
2019-05-10 20:24:17.455 [restartedMain] INFO  org.apache.coyote.http11.Http11NioProtocol - Initializing ProtocolHandler ["http-nio-8080"]
2019-05-10 20:24:17.464 [restartedMain] INFO  org.apache.catalina.core.StandardService - Starting service [Tomcat]
2019-05-10 20:24:17.464 [restartedMain] INFO  org.apache.catalina.core.StandardEngine - Starting Servlet engine: [Apache Tomcat/9.0.17]
2019-05-10 20:24:17.656 [restartedMain] INFO  o.a.c.c.C.[Tomcat].[localhost].[/lixue] - Initializing Spring embedded WebApplicationContext
2019-05-10 20:24:17.656 [restartedMain] INFO  org.springframework.web.context.ContextLoader - Root WebApplicationContext: initialization completed in 3909 ms
2019-05-10 20:24:18.792 [restartedMain] INFO  org.mongodb.driver.cluster - Cluster created with settings {hosts=[127.0.0.1:27017], mode=MULTIPLE, requiredClusterType=UNKNOWN, serverSelectionTimeout='30000 ms', maxWaitQueueSize=500}
2019-05-10 20:24:18.792 [restartedMain] INFO  org.mongodb.driver.cluster - Adding discovered server 127.0.0.1:27017 to client view of cluster
2019-05-10 20:24:18.848 [cluster-ClusterId{value='5cd56d728281842eec379c09', description='null'}-127.0.0.1:27017] INFO  org.mongodb.driver.connection - Opened connection [connectionId{localValue:1, serverValue:1}] to 127.0.0.1:27017
2019-05-10 20:24:18.853 [cluster-ClusterId{value='5cd56d728281842eec379c09', description='null'}-127.0.0.1:27017] INFO  org.mongodb.driver.cluster - Monitor thread successfully connected to server with description ServerDescription{address=127.0.0.1:27017, type=STANDALONE, state=CONNECTED, ok=true, version=ServerVersion{versionList=[4, 0, 9]}, minWireVersion=0, maxWireVersion=7, maxDocumentSize=16777216, logicalSessionTimeoutMinutes=30, roundTripTimeNanos=2927709}
2019-05-10 20:24:18.854 [cluster-ClusterId{value='5cd56d728281842eec379c09', description='null'}-127.0.0.1:27017] INFO  org.mongodb.driver.cluster - Discovered cluster type of STANDALONE
2019-05-10 20:24:19.059 [restartedMain] INFO  o.s.b.d.autoconfigure.OptionalLiveReloadServer - LiveReload server is running on port 35729
2019-05-10 20:24:19.583 [restartedMain] INFO  org.elasticsearch.plugins.PluginsService - no modules loaded
2019-05-10 20:24:19.584 [restartedMain] INFO  org.elasticsearch.plugins.PluginsService - loaded plugin [org.elasticsearch.index.reindex.ReindexPlugin]
2019-05-10 20:24:19.584 [restartedMain] INFO  org.elasticsearch.plugins.PluginsService - loaded plugin [org.elasticsearch.join.ParentJoinPlugin]
2019-05-10 20:24:19.584 [restartedMain] INFO  org.elasticsearch.plugins.PluginsService - loaded plugin [org.elasticsearch.percolator.PercolatorPlugin]
2019-05-10 20:24:19.584 [restartedMain] INFO  org.elasticsearch.plugins.PluginsService - loaded plugin [org.elasticsearch.script.mustache.MustachePlugin]
2019-05-10 20:24:19.584 [restartedMain] INFO  org.elasticsearch.plugins.PluginsService - loaded plugin [org.elasticsearch.transport.Netty4Plugin]
2019-05-10 20:24:20.858 [restartedMain] INFO  o.s.d.e.client.TransportClientFactoryBean - Adding transport node : 123.207.11.229:9300
2019-05-10 20:24:22.417 [restartedMain] INFO  o.s.scheduling.concurrent.ThreadPoolTaskExecutor - Initializing ExecutorService 'applicationTaskExecutor'
2019-05-10 20:24:23.169 [restartedMain] INFO  org.apache.coyote.http11.Http11NioProtocol - Starting ProtocolHandler ["http-nio-8080"]
2019-05-10 20:24:23.188 [restartedMain] INFO  o.s.boot.web.embedded.tomcat.TomcatWebServer - Tomcat started on port(s): 8080 (http) with context path '/lixue'
2019-05-10 20:24:23.190 [restartedMain] INFO  xyh.LixueApplication - Started LixueApplication in 10.437 seconds (JVM running for 13.6)
2019-05-10 20:24:23.236 [restartedMain] INFO  com.alibaba.druid.pool.DruidDataSource - {dataSource-1} inited
2019-05-10 20:24:23.365 [restartedMain] INFO  xyh.LixueApplication - ------> has imported users from mysql to redis
2019-05-10 20:25:03.509 [http-nio-8080-exec-1] INFO  o.a.c.c.C.[Tomcat].[localhost].[/lixue] - Initializing Spring DispatcherServlet 'dispatcherServlet'
2019-05-10 20:25:03.509 [http-nio-8080-exec-1] INFO  org.springframework.web.servlet.DispatcherServlet - Initializing Servlet 'dispatcherServlet'
2019-05-10 20:25:03.607 [http-nio-8080-exec-1] INFO  org.springframework.web.servlet.DispatcherServlet - Completed initialization in 97 ms
2019-05-10 20:25:03.749 [http-nio-8080-exec-1] INFO  org.mongodb.driver.connection - Opened connection [connectionId{localValue:2, serverValue:2}] to 127.0.0.1:27017
2019-05-11 08:50:16.382 [elasticsearch[_client_][transport_client_boss][T#4]] WARN  org.elasticsearch.transport.netty4.Netty4Transport - exception caught on transport layer [NettyTcpChannel{localAddress=/192.168.43.142:59949, remoteAddress=/123.207.11.229:9300}], closing connection
java.io.IOException: 远程主机强迫关闭了一个现有的连接。
	at sun.nio.ch.SocketDispatcher.read0(Native Method)
	at sun.nio.ch.SocketDispatcher.read(SocketDispatcher.java:43)
	at sun.nio.ch.IOUtil.readIntoNativeBuffer(IOUtil.java:223)
	at sun.nio.ch.IOUtil.read(IOUtil.java:197)
	at sun.nio.ch.SocketChannelImpl.read(SocketChannelImpl.java:380)
	at io.netty.buffer.PooledHeapByteBuf.setBytes(PooledHeapByteBuf.java:261)
	at io.netty.buffer.AbstractByteBuf.writeBytes(AbstractByteBuf.java:1125)
	at io.netty.channel.socket.nio.NioSocketChannel.doReadBytes(NioSocketChannel.java:347)
	at io.netty.channel.nio.AbstractNioByteChannel$NioByteUnsafe.read(AbstractNioByteChannel.java:148)
	at io.netty.channel.nio.NioEventLoop.processSelectedKey(NioEventLoop.java:677)
	at io.netty.channel.nio.NioEventLoop.processSelectedKeysPlain(NioEventLoop.java:577)
	at io.netty.channel.nio.NioEventLoop.processSelectedKeys(NioEventLoop.java:531)
	at io.netty.channel.nio.NioEventLoop.run(NioEventLoop.java:491)
	at io.netty.util.concurrent.SingleThreadEventExecutor$5.run(SingleThreadEventExecutor.java:905)
	at java.lang.Thread.run(Thread.java:748)
2019-05-11 08:50:16.382 [elasticsearch[_client_][transport_client_boss][T#7]] WARN  org.elasticsearch.transport.netty4.Netty4Transport - exception caught on transport layer [NettyTcpChannel{localAddress=/192.168.43.142:59951, remoteAddress=/123.207.11.229:9300}], closing connection
java.io.IOException: 远程主机强迫关闭了一个现有的连接。
	at sun.nio.ch.SocketDispatcher.read0(Native Method)
	at sun.nio.ch.SocketDispatcher.read(SocketDispatcher.java:43)
	at sun.nio.ch.IOUtil.readIntoNativeBuffer(IOUtil.java:223)
	at sun.nio.ch.IOUtil.read(IOUtil.java:197)
	at sun.nio.ch.SocketChannelImpl.read(SocketChannelImpl.java:380)
	at io.netty.buffer.PooledHeapByteBuf.setBytes(PooledHeapByteBuf.java:261)
	at io.netty.buffer.AbstractByteBuf.writeBytes(AbstractByteBuf.java:1125)
	at io.netty.channel.socket.nio.NioSocketChannel.doReadBytes(NioSocketChannel.java:347)
	at io.netty.channel.nio.AbstractNioByteChannel$NioByteUnsafe.read(AbstractNioByteChannel.java:148)
	at io.netty.channel.nio.NioEventLoop.processSelectedKey(NioEventLoop.java:677)
	at io.netty.channel.nio.NioEventLoop.processSelectedKeysPlain(NioEventLoop.java:577)
	at io.netty.channel.nio.NioEventLoop.processSelectedKeys(NioEventLoop.java:531)
	at io.netty.channel.nio.NioEventLoop.run(NioEventLoop.java:491)
	at io.netty.util.concurrent.SingleThreadEventExecutor$5.run(SingleThreadEventExecutor.java:905)
	at java.lang.Thread.run(Thread.java:748)
2019-05-11 08:50:16.382 [elasticsearch[_client_][transport_client_boss][T#3]] WARN  org.elasticsearch.transport.netty4.Netty4Transport - exception caught on transport layer [NettyTcpChannel{localAddress=/192.168.43.142:59955, remoteAddress=/123.207.11.229:9300}], closing connection
java.io.IOException: 远程主机强迫关闭了一个现有的连接。
	at sun.nio.ch.SocketDispatcher.read0(Native Method)
	at sun.nio.ch.SocketDispatcher.read(SocketDispatcher.java:43)
	at sun.nio.ch.IOUtil.readIntoNativeBuffer(IOUtil.java:223)
	at sun.nio.ch.IOUtil.read(IOUtil.java:197)
	at sun.nio.ch.SocketChannelImpl.read(SocketChannelImpl.java:380)
	at io.netty.buffer.PooledHeapByteBuf.setBytes(PooledHeapByteBuf.java:261)
	at io.netty.buffer.AbstractByteBuf.writeBytes(AbstractByteBuf.java:1125)
	at io.netty.channel.socket.nio.NioSocketChannel.doReadBytes(NioSocketChannel.java:347)
	at io.netty.channel.nio.AbstractNioByteChannel$NioByteUnsafe.read(AbstractNioByteChannel.java:148)
	at io.netty.channel.nio.NioEventLoop.processSelectedKey(NioEventLoop.java:677)
	at io.netty.channel.nio.NioEventLoop.processSelectedKeysPlain(NioEventLoop.java:577)
	at io.netty.channel.nio.NioEventLoop.processSelectedKeys(NioEventLoop.java:531)
	at io.netty.channel.nio.NioEventLoop.run(NioEventLoop.java:491)
	at io.netty.util.concurrent.SingleThreadEventExecutor$5.run(SingleThreadEventExecutor.java:905)
	at java.lang.Thread.run(Thread.java:748)
2019-05-11 08:50:16.382 [elasticsearch[_client_][transport_client_boss][T#1]] WARN  org.elasticsearch.transport.netty4.Netty4Transport - exception caught on transport layer [NettyTcpChannel{localAddress=/192.168.43.142:59953, remoteAddress=/123.207.11.229:9300}], closing connection
java.io.IOException: 远程主机强迫关闭了一个现有的连接。
	at sun.nio.ch.SocketDispatcher.read0(Native Method)
	at sun.nio.ch.SocketDispatcher.read(SocketDispatcher.java:43)
	at sun.nio.ch.IOUtil.readIntoNativeBuffer(IOUtil.java:223)
	at sun.nio.ch.IOUtil.read(IOUtil.java:197)
	at sun.nio.ch.SocketChannelImpl.read(SocketChannelImpl.java:380)
	at io.netty.buffer.PooledHeapByteBuf.setBytes(PooledHeapByteBuf.java:261)
	at io.netty.buffer.AbstractByteBuf.writeBytes(AbstractByteBuf.java:1125)
	at io.netty.channel.socket.nio.NioSocketChannel.doReadBytes(NioSocketChannel.java:347)
	at io.netty.channel.nio.AbstractNioByteChannel$NioByteUnsafe.read(AbstractNioByteChannel.java:148)
	at io.netty.channel.nio.NioEventLoop.processSelectedKey(NioEventLoop.java:677)
	at io.netty.channel.nio.NioEventLoop.processSelectedKeysPlain(NioEventLoop.java:577)
	at io.netty.channel.nio.NioEventLoop.processSelectedKeys(NioEventLoop.java:531)
	at io.netty.channel.nio.NioEventLoop.run(NioEventLoop.java:491)
	at io.netty.util.concurrent.SingleThreadEventExecutor$5.run(SingleThreadEventExecutor.java:905)
	at java.lang.Thread.run(Thread.java:748)
2019-05-11 08:50:16.382 [elasticsearch[_client_][transport_client_boss][T#2]] WARN  org.elasticsearch.transport.netty4.Netty4Transport - exception caught on transport layer [NettyTcpChannel{localAddress=/192.168.43.142:59947, remoteAddress=/123.207.11.229:9300}], closing connection
java.io.IOException: 远程主机强迫关闭了一个现有的连接。
	at sun.nio.ch.SocketDispatcher.read0(Native Method)
	at sun.nio.ch.SocketDispatcher.read(SocketDispatcher.java:43)
	at sun.nio.ch.IOUtil.readIntoNativeBuffer(IOUtil.java:223)
	at sun.nio.ch.IOUtil.read(IOUtil.java:197)
	at sun.nio.ch.SocketChannelImpl.read(SocketChannelImpl.java:380)
	at io.netty.buffer.PooledHeapByteBuf.setBytes(PooledHeapByteBuf.java:261)
	at io.netty.buffer.AbstractByteBuf.writeBytes(AbstractByteBuf.java:1125)
	at io.netty.channel.socket.nio.NioSocketChannel.doReadBytes(NioSocketChannel.java:347)
	at io.netty.channel.nio.AbstractNioByteChannel$NioByteUnsafe.read(AbstractNioByteChannel.java:148)
	at io.netty.channel.nio.NioEventLoop.processSelectedKey(NioEventLoop.java:677)
	at io.netty.channel.nio.NioEventLoop.processSelectedKeysPlain(NioEventLoop.java:577)
	at io.netty.channel.nio.NioEventLoop.processSelectedKeys(NioEventLoop.java:531)
	at io.netty.channel.nio.NioEventLoop.run(NioEventLoop.java:491)
	at io.netty.util.concurrent.SingleThreadEventExecutor$5.run(SingleThreadEventExecutor.java:905)
	at java.lang.Thread.run(Thread.java:748)
2019-05-11 08:50:16.382 [elasticsearch[_client_][transport_client_boss][T#6]] WARN  org.elasticsearch.transport.netty4.Netty4Transport - exception caught on transport layer [NettyTcpChannel{localAddress=/192.168.43.142:59959, remoteAddress=/123.207.11.229:9300}], closing connection
java.io.IOException: 远程主机强迫关闭了一个现有的连接。
	at sun.nio.ch.SocketDispatcher.read0(Native Method)
	at sun.nio.ch.SocketDispatcher.read(SocketDispatcher.java:43)
	at sun.nio.ch.IOUtil.readIntoNativeBuffer(IOUtil.java:223)
	at sun.nio.ch.IOUtil.read(IOUtil.java:197)
	at sun.nio.ch.SocketChannelImpl.read(SocketChannelImpl.java:380)
	at io.netty.buffer.PooledHeapByteBuf.setBytes(PooledHeapByteBuf.java:261)
	at io.netty.buffer.AbstractByteBuf.writeBytes(AbstractByteBuf.java:1125)
	at io.netty.channel.socket.nio.NioSocketChannel.doReadBytes(NioSocketChannel.java:347)
	at io.netty.channel.nio.AbstractNioByteChannel$NioByteUnsafe.read(AbstractNioByteChannel.java:148)
	at io.netty.channel.nio.NioEventLoop.processSelectedKey(NioEventLoop.java:677)
	at io.netty.channel.nio.NioEventLoop.processSelectedKeysPlain(NioEventLoop.java:577)
	at io.netty.channel.nio.NioEventLoop.processSelectedKeys(NioEventLoop.java:531)
	at io.netty.channel.nio.NioEventLoop.run(NioEventLoop.java:491)
	at io.netty.util.concurrent.SingleThreadEventExecutor$5.run(SingleThreadEventExecutor.java:905)
	at java.lang.Thread.run(Thread.java:748)
2019-05-11 08:50:16.382 [elasticsearch[_client_][transport_client_boss][T#5]] WARN  org.elasticsearch.transport.netty4.Netty4Transport - exception caught on transport layer [NettyTcpChannel{localAddress=/192.168.43.142:59958, remoteAddress=/123.207.11.229:9300}], closing connection
java.io.IOException: 远程主机强迫关闭了一个现有的连接。
	at sun.nio.ch.SocketDispatcher.read0(Native Method)
	at sun.nio.ch.SocketDispatcher.read(SocketDispatcher.java:43)
	at sun.nio.ch.IOUtil.readIntoNativeBuffer(IOUtil.java:223)
	at sun.nio.ch.IOUtil.read(IOUtil.java:197)
	at sun.nio.ch.SocketChannelImpl.read(SocketChannelImpl.java:380)
	at io.netty.buffer.PooledHeapByteBuf.setBytes(PooledHeapByteBuf.java:261)
	at io.netty.buffer.AbstractByteBuf.writeBytes(AbstractByteBuf.java:1125)
	at io.netty.channel.socket.nio.NioSocketChannel.doReadBytes(NioSocketChannel.java:347)
	at io.netty.channel.nio.AbstractNioByteChannel$NioByteUnsafe.read(AbstractNioByteChannel.java:148)
	at io.netty.channel.nio.NioEventLoop.processSelectedKey(NioEventLoop.java:677)
	at io.netty.channel.nio.NioEventLoop.processSelectedKeysPlain(NioEventLoop.java:577)
	at io.netty.channel.nio.NioEventLoop.processSelectedKeys(NioEventLoop.java:531)
	at io.netty.channel.nio.NioEventLoop.run(NioEventLoop.java:491)
	at io.netty.util.concurrent.SingleThreadEventExecutor$5.run(SingleThreadEventExecutor.java:905)
	at java.lang.Thread.run(Thread.java:748)
2019-05-11 08:50:16.382 [elasticsearch[_client_][transport_client_boss][T#8]] WARN  org.elasticsearch.transport.netty4.Netty4Transport - exception caught on transport layer [NettyTcpChannel{localAddress=/192.168.43.142:59956, remoteAddress=/123.207.11.229:9300}], closing connection
java.io.IOException: 远程主机强迫关闭了一个现有的连接。
	at sun.nio.ch.SocketDispatcher.read0(Native Method)
	at sun.nio.ch.SocketDispatcher.read(SocketDispatcher.java:43)
	at sun.nio.ch.IOUtil.readIntoNativeBuffer(IOUtil.java:223)
	at sun.nio.ch.IOUtil.read(IOUtil.java:197)
	at sun.nio.ch.SocketChannelImpl.read(SocketChannelImpl.java:380)
	at io.netty.buffer.PooledHeapByteBuf.setBytes(PooledHeapByteBuf.java:261)
	at io.netty.buffer.AbstractByteBuf.writeBytes(AbstractByteBuf.java:1125)
	at io.netty.channel.socket.nio.NioSocketChannel.doReadBytes(NioSocketChannel.java:347)
	at io.netty.channel.nio.AbstractNioByteChannel$NioByteUnsafe.read(AbstractNioByteChannel.java:148)
	at io.netty.channel.nio.NioEventLoop.processSelectedKey(NioEventLoop.java:677)
	at io.netty.channel.nio.NioEventLoop.processSelectedKeysPlain(NioEventLoop.java:577)
	at io.netty.channel.nio.NioEventLoop.processSelectedKeys(NioEventLoop.java:531)
	at io.netty.channel.nio.NioEventLoop.run(NioEventLoop.java:491)
	at io.netty.util.concurrent.SingleThreadEventExecutor$5.run(SingleThreadEventExecutor.java:905)
	at java.lang.Thread.run(Thread.java:748)
